26-12-2022 10:46:29 | asyncio:DEBUG | Using selector: EpollSelector
26-12-2022 10:46:30 | asyncio:DEBUG | Using selector: EpollSelector
26-12-2022 10:46:30 | asyncio:DEBUG | Using selector: EpollSelector
26-12-2022 10:46:30 | passlib.registry:DEBUG | registered 'bcrypt' handler: <class 'passlib.handlers.bcrypt.bcrypt'>
26-12-2022 10:54:03 | users:ERROR | User or email hash been failed
26-12-2022 11:05:49 | asyncio:DEBUG | Using selector: EpollSelector
26-12-2022 11:05:49 | asyncio:DEBUG | Using selector: EpollSelector
26-12-2022 11:05:49 | passlib.registry:DEBUG | registered 'bcrypt' handler: <class 'passlib.handlers.bcrypt.bcrypt'>
26-12-2022 11:06:41 | users:ERROR | User or email hash been failed
26-12-2022 11:08:07 | asyncio:DEBUG | Using selector: EpollSelector
26-12-2022 11:08:07 | asyncio:DEBUG | Using selector: EpollSelector
26-12-2022 11:08:07 | passlib.registry:DEBUG | registered 'bcrypt' handler: <class 'passlib.handlers.bcrypt.bcrypt'>
26-12-2022 11:08:08 | users:ERROR | User or email hash been failed
26-12-2022 11:17:41 | asyncio:DEBUG | Using selector: EpollSelector
26-12-2022 11:17:41 | asyncio:DEBUG | Using selector: EpollSelector
26-12-2022 11:17:41 | passlib.registry:DEBUG | registered 'bcrypt' handler: <class 'passlib.handlers.bcrypt.bcrypt'>
26-12-2022 11:18:28 | asyncio:DEBUG | Using selector: EpollSelector
26-12-2022 11:18:28 | asyncio:DEBUG | Using selector: EpollSelector
26-12-2022 11:18:28 | passlib.registry:DEBUG | registered 'bcrypt' handler: <class 'passlib.handlers.bcrypt.bcrypt'>
26-12-2022 11:20:13 | asyncio:DEBUG | Using selector: EpollSelector
26-12-2022 11:20:13 | asyncio:DEBUG | Using selector: EpollSelector
26-12-2022 11:20:13 | passlib.registry:DEBUG | registered 'bcrypt' handler: <class 'passlib.handlers.bcrypt.bcrypt'>
26-12-2022 11:24:14 | asyncio:DEBUG | Using selector: EpollSelector
26-12-2022 11:24:14 | asyncio:DEBUG | Using selector: EpollSelector
26-12-2022 11:24:14 | passlib.registry:DEBUG | registered 'bcrypt' handler: <class 'passlib.handlers.bcrypt.bcrypt'>
26-12-2022 11:24:51 | passlib.handlers.bcrypt:DEBUG | detected 'bcrypt' backend, version '4.0.1'
26-12-2022 11:24:51 | passlib.handlers.bcrypt:DEBUG | 'bcrypt' backend lacks $2$ support, enabling workaround
26-12-2022 11:24:51 | users:ERROR | User or email hash been failed
26-12-2022 11:25:54 | users:ERROR | User or email hash been failed
26-12-2022 11:26:21 | users:ERROR | User or email hash been failed
26-12-2022 11:38:54 | asyncio:DEBUG | Using selector: EpollSelector
26-12-2022 11:38:55 | asyncio:DEBUG | Using selector: EpollSelector
26-12-2022 11:38:55 | asyncio:DEBUG | Using selector: EpollSelector
26-12-2022 11:38:55 | passlib.registry:DEBUG | registered 'bcrypt' handler: <class 'passlib.handlers.bcrypt.bcrypt'>
26-12-2022 11:39:05 | passlib.handlers.bcrypt:DEBUG | detected 'bcrypt' backend, version '4.0.1'
26-12-2022 11:39:05 | passlib.handlers.bcrypt:DEBUG | 'bcrypt' backend lacks $2$ support, enabling workaround
26-12-2022 11:39:05 | users:ERROR | User or email hash been failed
26-12-2022 11:39:58 | asyncio:DEBUG | Using selector: EpollSelector
26-12-2022 11:39:58 | asyncio:DEBUG | Using selector: EpollSelector
26-12-2022 11:39:58 | passlib.registry:DEBUG | registered 'bcrypt' handler: <class 'passlib.handlers.bcrypt.bcrypt'>
26-12-2022 11:40:06 | passlib.handlers.bcrypt:DEBUG | detected 'bcrypt' backend, version '4.0.1'
26-12-2022 11:40:06 | passlib.handlers.bcrypt:DEBUG | 'bcrypt' backend lacks $2$ support, enabling workaround
26-12-2022 11:40:06 | users:ERROR | User or email hash been failed
26-12-2022 11:41:16 | users:ERROR | User or email hash been failed
26-12-2022 11:43:44 | asyncio:DEBUG | Using selector: EpollSelector
26-12-2022 11:43:44 | asyncio:DEBUG | Using selector: EpollSelector
26-12-2022 11:43:44 | passlib.registry:DEBUG | registered 'bcrypt' handler: <class 'passlib.handlers.bcrypt.bcrypt'>
26-12-2022 11:45:15 | asyncio:DEBUG | Using selector: EpollSelector
26-12-2022 11:45:16 | asyncio:DEBUG | Using selector: EpollSelector
26-12-2022 11:45:16 | asyncio:DEBUG | Using selector: EpollSelector
26-12-2022 11:45:16 | passlib.registry:DEBUG | registered 'bcrypt' handler: <class 'passlib.handlers.bcrypt.bcrypt'>
26-12-2022 11:52:51 | asyncio:DEBUG | Using selector: EpollSelector
26-12-2022 11:52:51 | asyncio:DEBUG | Using selector: EpollSelector
26-12-2022 11:52:51 | passlib.registry:DEBUG | registered 'bcrypt' handler: <class 'passlib.handlers.bcrypt.bcrypt'>
26-12-2022 11:54:39 | asyncio:DEBUG | Using selector: EpollSelector
26-12-2022 11:54:39 | asyncio:DEBUG | Using selector: EpollSelector
26-12-2022 11:54:39 | passlib.registry:DEBUG | registered 'bcrypt' handler: <class 'passlib.handlers.bcrypt.bcrypt'>
26-12-2022 11:54:40 | passlib.handlers.bcrypt:DEBUG | detected 'bcrypt' backend, version '4.0.1'
26-12-2022 11:54:40 | passlib.handlers.bcrypt:DEBUG | 'bcrypt' backend lacks $2$ support, enabling workaround
26-12-2022 11:55:20 | asyncio:DEBUG | Using selector: EpollSelector
26-12-2022 11:55:20 | asyncio:DEBUG | Using selector: EpollSelector
26-12-2022 11:55:20 | passlib.registry:DEBUG | registered 'bcrypt' handler: <class 'passlib.handlers.bcrypt.bcrypt'>
26-12-2022 11:55:21 | passlib.handlers.bcrypt:DEBUG | detected 'bcrypt' backend, version '4.0.1'
26-12-2022 11:55:21 | passlib.handlers.bcrypt:DEBUG | 'bcrypt' backend lacks $2$ support, enabling workaround
26-12-2022 11:55:36 | users:ERROR | User or email hash been failed
26-12-2022 11:56:02 | asyncio:DEBUG | Using selector: EpollSelector
26-12-2022 11:56:02 | asyncio:DEBUG | Using selector: EpollSelector
26-12-2022 11:56:02 | passlib.registry:DEBUG | registered 'bcrypt' handler: <class 'passlib.handlers.bcrypt.bcrypt'>
26-12-2022 11:56:04 | passlib.handlers.bcrypt:DEBUG | detected 'bcrypt' backend, version '4.0.1'
26-12-2022 11:56:04 | passlib.handlers.bcrypt:DEBUG | 'bcrypt' backend lacks $2$ support, enabling workaround
26-12-2022 12:09:19 | asyncio:DEBUG | Using selector: EpollSelector
26-12-2022 12:09:19 | asyncio:DEBUG | Using selector: EpollSelector
26-12-2022 12:09:19 | passlib.registry:DEBUG | registered 'bcrypt' handler: <class 'passlib.handlers.bcrypt.bcrypt'>
26-12-2022 15:36:22 | asyncio:DEBUG | Using selector: EpollSelector
26-12-2022 15:36:22 | asyncio:DEBUG | Using selector: EpollSelector
26-12-2022 15:36:22 | passlib.registry:DEBUG | registered 'bcrypt' handler: <class 'passlib.handlers.bcrypt.bcrypt'>
26-12-2022 16:14:46 | asyncio:DEBUG | Using selector: EpollSelector
26-12-2022 16:14:46 | asyncio:DEBUG | Using selector: EpollSelector
26-12-2022 16:14:46 | passlib.registry:DEBUG | registered 'bcrypt' handler: <class 'passlib.handlers.bcrypt.bcrypt'>
26-12-2022 16:20:10 | asyncio:DEBUG | Using selector: EpollSelector
26-12-2022 16:20:10 | asyncio:DEBUG | Using selector: EpollSelector
26-12-2022 16:20:10 | passlib.registry:DEBUG | registered 'bcrypt' handler: <class 'passlib.handlers.bcrypt.bcrypt'>
